# JRE version: Java(TM) SE Runtime Environment (7.0_79-b15) (build 1.7.0_79-b15)
# Java VM: Java HotSpot(TM) 64-Bit Server VM (24.79-b02 mixed mode windows-amd64 compressed oops)
Heap
 PSYoungGen      total 34304K, used 30484K [0x00000000eb880000, 0x00000000edc80000, 0x0000000100000000)
  eden space 31744K, 88% used [0x00000000eb880000,0x00000000ed3cab08,0x00000000ed780000)
  from space 2560K, 99% used [0x00000000ed780000,0x00000000ed9fa600,0x00000000eda00000)
  to   space 2560K, 0% used [0x00000000eda00000,0x00000000eda00000,0x00000000edc80000)
 ParOldGen       total 41472K, used 8938K [0x00000000c2a00000, 0x00000000c5280000, 0x00000000eb880000)
  object space 41472K, 21% used [0x00000000c2a00000,0x00000000c32bab90,0x00000000c5280000)
 PSPermGen       total 21504K, used 18222K [0x00000000bd800000, 0x00000000bed00000, 0x00000000c2a00000)
  object space 21504K, 84% used [0x00000000bd800000,0x00000000be9cb948,0x00000000bed00000)
GC Heap History (10 events):
Event: 2.346 GC heap before
{Heap before GC invocations=27 (full 12):
 PSYoungGen      total 34304K, used 5732K [0x00000000eb880000, 0x00000000edc80000, 0x0000000100000000)
  eden space 31744K, 18% used [0x00000000eb880000,0x00000000ebe19270,0x00000000ed780000)
  from space 2560K, 0% used [0x00000000eda00000,0x00000000eda00000,0x00000000edc80000)
  to   space 2560K, 0% used [0x00000000ed780000,0x00000000ed780000,0x00000000eda00000)
 ParOldGen       total 41472K, used 7125K [0x00000000c2a00000, 0x00000000c5280000, 0x00000000eb880000)
  object space 41472K, 17% used [0x00000000c2a00000,0x00000000c30f5410,0x00000000c5280000)
 PSPermGen       total 21504K, used 10563K [0x00000000bd800000, 0x00000000bed00000, 0x00000000c2a00000)
  object space 21504K, 49% used [0x00000000bd800000,0x00000000be250e28,0x00000000bed00000)
Event: 2.349 GC heap after
Heap after GC invocations=27 (full 12):
 PSYoungGen      total 34304K, used 96K [0x00000000eb880000, 0x00000000edc80000, 0x0000000100000000)
  eden space 31744K, 0% used [0x00000000eb880000,0x00000000eb880000,0x00000000ed780000)
  from space 2560K, 3% used [0x00000000ed780000,0x00000000ed798000,0x00000000eda00000)
  to   space 2560K, 0% used [0x00000000eda00000,0x00000000eda00000,0x00000000edc80000)
 ParOldGen       total 41472K, used 17365K [0x00000000c2a00000, 0x00000000c5280000, 0x00000000eb880000)
  object space 41472K, 41% used [0x00000000c2a00000,0x00000000c3af5430,0x00000000c5280000)
 PSPermGen       total 21504K, used 10563K [0x00000000bd800000, 0x00000000bed00000, 0x00000000c2a00000)
  object space 21504K, 49% used [0x00000000bd800000,0x00000000be250e28,0x00000000bed00000)
}
Event: 2.349 GC heap before
{Heap before GC invocations=28 (full 13):
 PSYoungGen      total 34304K, used 96K [0x00000000eb880000, 0x00000000edc80000, 0x0000000100000000)
  eden space 31744K, 0% used [0x00000000eb880000,0x00000000eb880000,0x00000000ed780000)
  from space 2560K, 3% used [0x00000000ed780000,0x00000000ed798000,0x00000000eda00000)
  to   space 2560K, 0% used [0x00000000eda00000,0x00000000eda00000,0x00000000edc80000)
 ParOldGen       total 41472K, used 17365K [0x00000000c2a00000, 0x00000000c5280000, 0x00000000eb880000)
  object space 41472K, 41% used [0x00000000c2a00000,0x00000000c3af5430,0x00000000c5280000)
 PSPermGen       total 21504K, used 10563K [0x00000000bd800000, 0x00000000bed00000, 0x00000000c2a00000)
  object space 21504K, 49% used [0x00000000bd800000,0x00000000be250e28,0x00000000bed00000)
Event: 2.362 GC heap after
Heap after GC invocations=28 (full 13):
 PSYoungGen      total 34304K, used 0K [0x00000000eb880000, 0x00000000edc80000, 0x0000000100000000)
  eden space 31744K, 0% used [0x00000000eb880000,0x00000000eb880000,0x00000000ed780000)
  from space 2560K, 0% used [0x00000000ed780000,0x00000000ed780000,0x00000000eda00000)
  to   space 2560K, 0% used [0x00000000eda00000,0x00000000eda00000,0x00000000edc80000)
 ParOldGen       total 41472K, used 7097K [0x00000000c2a00000, 0x00000000c5280000, 0x00000000eb880000)
  object space 41472K, 17% used [0x00000000c2a00000,0x00000000c30ee4d8,0x00000000c5280000)
 PSPermGen       total 21504K, used 10563K [0x00000000bd800000, 0x00000000bed00000, 0x00000000c2a00000)
  object space 21504K, 49% used [0x00000000bd800000,0x00000000be250e28,0x00000000bed00000)
}
Event: 2.363 GC heap before
{Heap before GC invocations=29 (full 13):
 PSYoungGen      total 34304K, used 611K [0x00000000eb880000, 0x00000000edc80000, 0x0000000100000000)
  eden space 31744K, 1% used [0x00000000eb880000,0x00000000eb918ef8,0x00000000ed780000)
  from space 2560K, 0% used [0x00000000ed780000,0x00000000ed780000,0x00000000eda00000)
  to   space 2560K, 0% used [0x00000000eda00000,0x00000000eda00000,0x00000000edc80000)
 ParOldGen       total 41472K, used 7097K [0x00000000c2a00000, 0x00000000c5280000, 0x00000000eb880000)
  object space 41472K, 17% used [0x00000000c2a00000,0x00000000c30ee4d8,0x00000000c5280000)
 PSPermGen       total 21504K, used 10563K [0x00000000bd800000, 0x00000000bed00000, 0x00000000c2a00000)
  object space 21504K, 49% used [0x00000000bd800000,0x00000000be250e28,0x00000000bed00000)
Event: 2.364 GC heap after
Heap after GC invocations=29 (full 13):
 PSYoungGen      total 34304K, used 96K [0x00000000eb880000, 0x00000000edc80000, 0x0000000100000000)
  eden space 31744K, 0% used [0x00000000eb880000,0x00000000eb880000,0x00000000ed780000)
  from space 2560K, 3% used [0x00000000eda00000,0x00000000eda18000,0x00000000edc80000)
  to   space 2560K, 0% used [0x00000000ed780000,0x00000000ed780000,0x00000000eda00000)
 ParOldGen       total 41472K, used 7097K [0x00000000c2a00000, 0x00000000c5280000, 0x00000000eb880000)
  object space 41472K, 17% used [0x00000000c2a00000,0x00000000c30ee4d8,0x00000000c5280000)
 PSPermGen       total 21504K, used 10563K [0x00000000bd800000, 0x00000000bed00000, 0x00000000c2a00000)
  object space 21504K, 49% used [0x00000000bd800000,0x00000000be250e28,0x00000000bed00000)
}
Event: 2.364 GC heap before
{Heap before GC invocations=30 (full 14):
 PSYoungGen      total 34304K, used 96K [0x00000000eb880000, 0x00000000edc80000, 0x0000000100000000)
  eden space 31744K, 0% used [0x00000000eb880000,0x00000000eb880000,0x00000000ed780000)
  from space 2560K, 3% used [0x00000000eda00000,0x00000000eda18000,0x00000000edc80000)
  to   space 2560K, 0% used [0x00000000ed780000,0x00000000ed780000,0x00000000eda00000)
 ParOldGen       total 41472K, used 7097K [0x00000000c2a00000, 0x00000000c5280000, 0x00000000eb880000)
  object space 41472K, 17% used [0x00000000c2a00000,0x00000000c30ee4d8,0x00000000c5280000)
 PSPermGen       total 21504K, used 10563K [0x00000000bd800000, 0x00000000bed00000, 0x00000000c2a00000)
  object space 21504K, 49% used [0x00000000bd800000,0x00000000be250e28,0x00000000bed00000)
Event: 2.377 GC heap after
Heap after GC invocations=30 (full 14):
 PSYoungGen      total 34304K, used 0K [0x00000000eb880000, 0x00000000edc80000, 0x0000000100000000)
  eden space 31744K, 0% used [0x00000000eb880000,0x00000000eb880000,0x00000000ed780000)
  from space 2560K, 0% used [0x00000000eda00000,0x00000000eda00000,0x00000000edc80000)
  to   space 2560K, 0% used [0x00000000ed780000,0x00000000ed780000,0x00000000eda00000)
 ParOldGen       total 41472K, used 7125K [0x00000000c2a00000, 0x00000000c5280000, 0x00000000eb880000)
  object space 41472K, 17% used [0x00000000c2a00000,0x00000000c30f5580,0x00000000c5280000)
 PSPermGen       total 21504K, used 10563K [0x00000000bd800000, 0x00000000bed00000, 0x00000000c2a00000)
  object space 21504K, 49% used [0x00000000bd800000,0x00000000be250e28,0x00000000bed00000)
}
Event: 62.501 GC heap before
{Heap before GC invocations=31 (full 14):
 PSYoungGen      total 34304K, used 31744K [0x00000000eb880000, 0x00000000edc80000, 0x0000000100000000)
  eden space 31744K, 100% used [0x00000000eb880000,0x00000000ed780000,0x00000000ed780000)
  from space 2560K, 0% used [0x00000000eda00000,0x00000000eda00000,0x00000000edc80000)
  to   space 2560K, 0% used [0x00000000ed780000,0x00000000ed780000,0x00000000eda00000)
 ParOldGen       total 41472K, used 7125K [0x00000000c2a00000, 0x00000000c5280000, 0x00000000eb880000)
  object space 41472K, 17% used [0x00000000c2a00000,0x00000000c30f5580,0x00000000c5280000)
 PSPermGen       total 21504K, used 15475K [0x00000000bd800000, 0x00000000bed00000, 0x00000000c2a00000)
  object space 21504K, 71% used [0x00000000bd800000,0x00000000be71cc60,0x00000000bed00000)
Event: 62.506 GC heap after
Heap after GC invocations=31 (full 14):
 PSYoungGen      total 34304K, used 2537K [0x00000000eb880000, 0x00000000edc80000, 0x0000000100000000)
  eden space 31744K, 0% used [0x00000000eb880000,0x00000000eb880000,0x00000000ed780000)
  from space 2560K, 99% used [0x00000000ed780000,0x00000000ed9fa600,0x00000000eda00000)
  to   space 2560K, 0% used [0x00000000eda00000,0x00000000eda00000,0x00000000edc80000)
 ParOldGen       total 41472K, used 8938K [0x00000000c2a00000, 0x00000000c5280000, 0x00000000eb880000)
  object space 41472K, 21% used [0x00000000c2a00000,0x00000000c32bab90,0x00000000c5280000)
 PSPermGen       total 21504K, used 15475K [0x00000000bd800000, 0x00000000bed00000, 0x00000000c2a00000)
  object space 21504K, 71% used [0x00000000bd800000,0x00000000be71cc60,0x00000000bed00000)
}

